<xj:configuration 
    xmlns:xj="http://www.schst.net/XJConf">
	
	<rgb>RED</rgb>
	
</xj:configuration>