<configuration>
	<complex color="red">15</complex>
</configuration>