<configuration>
	<color id="red" red="100" green="25"/>
</configuration>