<configuration>
	<!-- 
	<int id="zahl">453</int>
	<bool id="bool">true</bool>
	-->
	
	<color red="100" green="50" blue="20"/>
</configuration>