<configuration>
	<foo>
		<bar/>
	</foo>
</configuration>