<configuration>
	<list>
		<entry>one</entry>
		<entry>two</entry>
		<entry>three</entry>
	</list>
</configuration>